<?xml version="1.0" encoding="UTF-8"?>
<!-- Generated by org.testng.reporters.JUnitReportReporter -->
<testsuite skipped="0" hostname="TCERCcons09" name="addingToFavorites" tests="1" failures="1" timestamp="2022-02-13T18:13:13 EET" time="54.306" errors="0">
  <testcase name="checkCorrectRestaurant" time="54.306" classname="addingToFavorites">
    <failure type="java.lang.AssertionError" message="Added restaurant couldn&#039;t find under favorites!!">
      <![CDATA[java.lang.AssertionError: Added restaurant couldn't find under favorites!!
at org.testng.Assert.fail(Assert.java:99)
at pages.HomePage.readFavorites(HomePage.java:132)
at addingToFavorites.checkCorrectRestaurant(addingToFavorites.java:27)
at sun.reflect.NativeMethodAccessorImpl.invoke0(Native Method)
at sun.reflect.NativeMethodAccessorImpl.invoke(NativeMethodAccessorImpl.java:62)
at sun.reflect.DelegatingMethodAccessorImpl.invoke(DelegatingMethodAccessorImpl.java:43)
at java.lang.reflect.Method.invoke(Method.java:498)
at org.testng.internal.MethodInvocationHelper.invokeMethod(MethodInvocationHelper.java:133)
at org.testng.internal.TestInvoker.invokeMethod(TestInvoker.java:598)
at org.testng.internal.TestInvoker.invokeTestMethod(TestInvoker.java:173)
at org.testng.internal.MethodRunner.runInSequence(MethodRunner.java:46)
at org.testng.internal.TestInvoker$MethodInvocationAgent.invoke(TestInvoker.java:824)
at org.testng.internal.TestInvoker.invokeTestMethods(TestInvoker.java:146)
at org.testng.internal.TestMethodWorker.invokeTestMethods(TestMethodWorker.java:146)
at org.testng.internal.TestMethodWorker.run(TestMethodWorker.java:128)
at java.util.concurrent.ThreadPoolExecutor.runWorker(ThreadPoolExecutor.java:1149)
at java.util.concurrent.ThreadPoolExecutor$Worker.run(ThreadPoolExecutor.java:624)
at java.lang.Thread.run(Thread.java:748)
]]>
    </failure>
  </testcase> <!-- checkCorrectRestaurant -->
  <system-out>
    <![CDATA[Checking page is load.
Selecting city.
Writing username.
Writing password.
Login button is clicked.
Checking error message.
Clicks Super restaurants menu.
Gets Super restaurants list.
Restaurant Name : ! Ufuklar Dürümcü Bey, Kadıköy (Sahrayıcedit Mah.)
Clicks add to favorite button.
Homepage loads.
Clicks favorites menu.
Gets favorites.]]>
  </system-out>
</testsuite> <!-- addingToFavorites -->
